Determining if the include file pthread.h exists failed with the following output:
Change Dir: c:/Users/abdul/Desktop/ParticleSystem/build/CMakeFiles/CMakeTmp

Run Build Command:"C:/Program Files (x86)/Microsoft Visual Studio/2017/Community/MSBuild/15.0/Bin/MSBuild.exe" "cmTC_71ccd.vcxproj" "/p:Configuration=Debug" "/p:VisualStudioVersion=15.0"
Microsoft (R) Build Engine version 15.9.21+g9802d43bc3 for .NET Framework
Copyright (C) Microsoft Corporation. All rights reserved.

Build started 9/1/2022 12:39:54 AM.
Project "c:\Users\abdul\Desktop\ParticleSystem\build\CMakeFiles\CMakeTmp\cmTC_71ccd.vcxproj" on node 1 (default targets).
PrepareForBuild:
  Creating directory "cmTC_71ccd.dir\Debug\".
  Creating directory "C:\Users\abdul\Desktop\ParticleSystem\build\CMakeFiles\CMakeTmp\Debug\".
  Creating directory "cmTC_71ccd.dir\Debug\cmTC_71ccd.tlog\".
InitializeBuildStatus:
  Creating "cmTC_71ccd.dir\Debug\cmTC_71ccd.tlog\unsuccessfulbuild" because "AlwaysCreate" was specified.
ClCompile:
  C:\Program Files (x86)\Microsoft Visual Studio\2017\Community\VC\Tools\MSVC\14.16.27023\bin\HostX64\x64\CL.exe /c /Zi /W3 /WX- /diagnostics:classic /Od /Ob0 /D WIN32 /D _WINDOWS /D "CMAKE_INTDIR=\"Debug\"" /D _MBCS /Gm- /RTC1 /MDd /GS /fp:precise /Zc:wchar_t /Zc:forScope /Zc:inline /Fo"cmTC_71ccd.dir\Debug\\" /Fd"cmTC_71ccd.dir\Debug\vc141.pdb" /Gd /TC /FC /errorReport:queue C:\Users\abdul\Desktop\ParticleSystem\build\CMakeFiles\CMakeTmp\CheckIncludeFile.c
  Microsoft (R) C/C++ Optimizing Compiler Version 19.16.27048 for x64
  Copyright (C) Microsoft Corporation.  All rights reserved.
  
  cl /c /Zi /W3 /WX- /diagnostics:classic /Od /Ob0 /D WIN32 /D _WINDOWS /D "CMAKE_INTDIR=\"Debug\"" /D _MBCS /Gm- /RTC1 /MDd /GS /fp:precise /Zc:wchar_t /Zc:forScope /Zc:inline /Fo"cmTC_71ccd.dir\Debug\\" /Fd"cmTC_71ccd.dir\Debug\vc141.pdb" /Gd /TC /FC /errorReport:queue C:\Users\abdul\Desktop\ParticleSystem\build\CMakeFiles\CMakeTmp\CheckIncludeFile.c
  CheckIncludeFile.c
  
c:\users\abdul\desktop\particlesystem\build\cmakefiles\cmaketmp\checkincludefile.c(1): fatal error C1083: Cannot open include file: 'pthread.h': No such file or directory [c:\Users\abdul\Desktop\ParticleSystem\build\CMakeFiles\CMakeTmp\cmTC_71ccd.vcxproj]
Done Building Project "c:\Users\abdul\Desktop\ParticleSystem\build\CMakeFiles\CMakeTmp\cmTC_71ccd.vcxproj" (default targets) -- FAILED.

Build FAILED.

"c:\Users\abdul\Desktop\ParticleSystem\build\CMakeFiles\CMakeTmp\cmTC_71ccd.vcxproj" (default target) (1) ->
(ClCompile target) -> 
  c:\users\abdul\desktop\particlesystem\build\cmakefiles\cmaketmp\checkincludefile.c(1): fatal error C1083: Cannot open include file: 'pthread.h': No such file or directory [c:\Users\abdul\Desktop\ParticleSystem\build\CMakeFiles\CMakeTmp\cmTC_71ccd.vcxproj]

    0 Warning(s)
    1 Error(s)

Time Elapsed 00:00:00.26


Determining size of off64_t failed with the following output:
Change Dir: c:/Users/abdul/Desktop/ParticleSystem/build/CMakeFiles/CMakeTmp

Run Build Command:"C:/Program Files (x86)/Microsoft Visual Studio/2017/Community/MSBuild/15.0/Bin/MSBuild.exe" "cmTC_e6f03.vcxproj" "/p:Configuration=Debug" "/p:VisualStudioVersion=15.0"
Microsoft (R) Build Engine version 15.9.21+g9802d43bc3 for .NET Framework
Copyright (C) Microsoft Corporation. All rights reserved.

Build started 9/1/2022 12:39:58 AM.
Project "c:\Users\abdul\Desktop\ParticleSystem\build\CMakeFiles\CMakeTmp\cmTC_e6f03.vcxproj" on node 1 (default targets).
PrepareForBuild:
  Creating directory "cmTC_e6f03.dir\Debug\".
  Creating directory "C:\Users\abdul\Desktop\ParticleSystem\build\CMakeFiles\CMakeTmp\Debug\".
  Creating directory "cmTC_e6f03.dir\Debug\cmTC_e6f03.tlog\".
InitializeBuildStatus:
  Creating "cmTC_e6f03.dir\Debug\cmTC_e6f03.tlog\unsuccessfulbuild" because "AlwaysCreate" was specified.
ClCompile:
  C:\Program Files (x86)\Microsoft Visual Studio\2017\Community\VC\Tools\MSVC\14.16.27023\bin\HostX64\x64\CL.exe /c /Zi /W3 /WX- /diagnostics:classic /Od /Ob0 /D WIN32 /D _WINDOWS /D _LARGEFILE64_SOURCE=1 /D HAVE_SYS_TYPES_H /D HAVE_STDINT_H /D HAVE_STDDEF_H /D "CMAKE_INTDIR=\"Debug\"" /D _MBCS /Gm- /RTC1 /MDd /GS /fp:precise /Zc:wchar_t /Zc:forScope /Zc:inline /Fo"cmTC_e6f03.dir\Debug\\" /Fd"cmTC_e6f03.dir\Debug\vc141.pdb" /Gd /TC /FC /errorReport:queue C:\Users\abdul\Desktop\ParticleSystem\build\CMakeFiles\CheckTypeSize\OFF64_T.c
  Microsoft (R) C/C++ Optimizing Compiler Version 19.16.27048 for x64
  Copyright (C) Microsoft Corporation.  All rights reserved.
  
  cl /c /Zi /W3 /WX- /diagnostics:classic /Od /Ob0 /D WIN32 /D _WINDOWS /D _LARGEFILE64_SOURCE=1 /D HAVE_SYS_TYPES_H /D HAVE_STDINT_H /D HAVE_STDDEF_H /D "CMAKE_INTDIR=\"Debug\"" /D _MBCS /Gm- /RTC1 /MDd /GS /fp:precise /Zc:wchar_t /Zc:forScope /Zc:inline /Fo"cmTC_e6f03.dir\Debug\\" /Fd"cmTC_e6f03.dir\Debug\vc141.pdb" /Gd /TC /FC /errorReport:queue C:\Users\abdul\Desktop\ParticleSystem\build\CMakeFiles\CheckTypeSize\OFF64_T.c
  OFF64_T.c
  
c:\users\abdul\desktop\particlesystem\build\cmakefiles\checktypesize\off64_t.c(25): error C2065: 'off64_t': undeclared identifier [c:\Users\abdul\Desktop\ParticleSystem\build\CMakeFiles\CMakeTmp\cmTC_e6f03.vcxproj]
c:\users\abdul\desktop\particlesystem\build\cmakefiles\checktypesize\off64_t.c(26): error C2065: 'off64_t': undeclared identifier [c:\Users\abdul\Desktop\ParticleSystem\build\CMakeFiles\CMakeTmp\cmTC_e6f03.vcxproj]
c:\users\abdul\desktop\particlesystem\build\cmakefiles\checktypesize\off64_t.c(27): error C2065: 'off64_t': undeclared identifier [c:\Users\abdul\Desktop\ParticleSystem\build\CMakeFiles\CMakeTmp\cmTC_e6f03.vcxproj]
c:\users\abdul\desktop\particlesystem\build\cmakefiles\checktypesize\off64_t.c(28): error C2065: 'off64_t': undeclared identifier [c:\Users\abdul\Desktop\ParticleSystem\build\CMakeFiles\CMakeTmp\cmTC_e6f03.vcxproj]
c:\users\abdul\desktop\particlesystem\build\cmakefiles\checktypesize\off64_t.c(29): error C2065: 'off64_t': undeclared identifier [c:\Users\abdul\Desktop\ParticleSystem\build\CMakeFiles\CMakeTmp\cmTC_e6f03.vcxproj]
Done Building Project "c:\Users\abdul\Desktop\ParticleSystem\build\CMakeFiles\CMakeTmp\cmTC_e6f03.vcxproj" (default targets) -- FAILED.

Build FAILED.

"c:\Users\abdul\Desktop\ParticleSystem\build\CMakeFiles\CMakeTmp\cmTC_e6f03.vcxproj" (default target) (1) ->
(ClCompile target) -> 
  c:\users\abdul\desktop\particlesystem\build\cmakefiles\checktypesize\off64_t.c(25): error C2065: 'off64_t': undeclared identifier [c:\Users\abdul\Desktop\ParticleSystem\build\CMakeFiles\CMakeTmp\cmTC_e6f03.vcxproj]
  c:\users\abdul\desktop\particlesystem\build\cmakefiles\checktypesize\off64_t.c(26): error C2065: 'off64_t': undeclared identifier [c:\Users\abdul\Desktop\ParticleSystem\build\CMakeFiles\CMakeTmp\cmTC_e6f03.vcxproj]
  c:\users\abdul\desktop\particlesystem\build\cmakefiles\checktypesize\off64_t.c(27): error C2065: 'off64_t': undeclared identifier [c:\Users\abdul\Desktop\ParticleSystem\build\CMakeFiles\CMakeTmp\cmTC_e6f03.vcxproj]
  c:\users\abdul\desktop\particlesystem\build\cmakefiles\checktypesize\off64_t.c(28): error C2065: 'off64_t': undeclared identifier [c:\Users\abdul\Desktop\ParticleSystem\build\CMakeFiles\CMakeTmp\cmTC_e6f03.vcxproj]
  c:\users\abdul\desktop\particlesystem\build\cmakefiles\checktypesize\off64_t.c(29): error C2065: 'off64_t': undeclared identifier [c:\Users\abdul\Desktop\ParticleSystem\build\CMakeFiles\CMakeTmp\cmTC_e6f03.vcxproj]

    0 Warning(s)
    5 Error(s)

Time Elapsed 00:00:00.24

c:/Users/abdul/Desktop/ParticleSystem/build/CMakeFiles/CheckTypeSize/OFF64_T.c:
#include <sys/types.h>
#include <stdint.h>
#include <stddef.h>


#undef KEY
#if defined(__i386)
# define KEY '_','_','i','3','8','6'
#elif defined(__x86_64)
# define KEY '_','_','x','8','6','_','6','4'
#elif defined(__ppc__)
# define KEY '_','_','p','p','c','_','_'
#elif defined(__ppc64__)
# define KEY '_','_','p','p','c','6','4','_','_'
#elif defined(__aarch64__)
# define KEY '_','_','a','a','r','c','h','6','4','_','_'
#elif defined(__ARM_ARCH_7A__)
# define KEY '_','_','A','R','M','_','A','R','C','H','_','7','A','_','_'
#elif defined(__ARM_ARCH_7S__)
# define KEY '_','_','A','R','M','_','A','R','C','H','_','7','S','_','_'
#endif

#define SIZE (sizeof(off64_t))
char info_size[] =  {'I', 'N', 'F', 'O', ':', 's','i','z','e','[',
  ('0' + ((SIZE / 10000)%10)),
  ('0' + ((SIZE / 1000)%10)),
  ('0' + ((SIZE / 100)%10)),
  ('0' + ((SIZE / 10)%10)),
  ('0' +  (SIZE    % 10)),
  ']',
#ifdef KEY
  ' ','k','e','y','[', KEY, ']',
#endif
  '\0'};

#ifdef __CLASSIC_C__
int main(argc, argv) int argc; char *argv[];
#else
int main(int argc, char *argv[])
#endif
{
  int require = 0;
  require += info_size[argc];
  (void)argv;
  return require;
}


Determining if the function fseeko exists failed with the following output:
Change Dir: c:/Users/abdul/Desktop/ParticleSystem/build/CMakeFiles/CMakeTmp

Run Build Command:"C:/Program Files (x86)/Microsoft Visual Studio/2017/Community/MSBuild/15.0/Bin/MSBuild.exe" "cmTC_812c9.vcxproj" "/p:Configuration=Debug" "/p:VisualStudioVersion=15.0"
Microsoft (R) Build Engine version 15.9.21+g9802d43bc3 for .NET Framework
Copyright (C) Microsoft Corporation. All rights reserved.

Build started 9/1/2022 12:39:58 AM.
Project "c:\Users\abdul\Desktop\ParticleSystem\build\CMakeFiles\CMakeTmp\cmTC_812c9.vcxproj" on node 1 (default targets).
PrepareForBuild:
  Creating directory "cmTC_812c9.dir\Debug\".
  Creating directory "C:\Users\abdul\Desktop\ParticleSystem\build\CMakeFiles\CMakeTmp\Debug\".
  Creating directory "cmTC_812c9.dir\Debug\cmTC_812c9.tlog\".
InitializeBuildStatus:
  Creating "cmTC_812c9.dir\Debug\cmTC_812c9.tlog\unsuccessfulbuild" because "AlwaysCreate" was specified.
ClCompile:
  C:\Program Files (x86)\Microsoft Visual Studio\2017\Community\VC\Tools\MSVC\14.16.27023\bin\HostX64\x64\CL.exe /c /Zi /W3 /WX- /diagnostics:classic /Od /Ob0 /D WIN32 /D _WINDOWS /D CHECK_FUNCTION_EXISTS=fseeko /D "CMAKE_INTDIR=\"Debug\"" /D _MBCS /Gm- /RTC1 /MDd /GS /fp:precise /Zc:wchar_t /Zc:forScope /Zc:inline /Fo"cmTC_812c9.dir\Debug\\" /Fd"cmTC_812c9.dir\Debug\vc141.pdb" /Gd /TC /FC /errorReport:queue "C:\Program Files (x86)\Microsoft Visual Studio\2017\Community\Common7\IDE\CommonExtensions\Microsoft\CMake\CMake\share\cmake-3.12\Modules\CheckFunctionExists.c"
  Microsoft (R) C/C++ Optimizing Compiler Version 19.16.27048 for x64
  Copyright (C) Microsoft Corporation.  All rights reserved.
  
  cl /c /Zi /W3 /WX- /diagnostics:classic /Od /Ob0 /D WIN32 /D _WINDOWS /D CHECK_FUNCTION_EXISTS=fseeko /D "CMAKE_INTDIR=\"Debug\"" /D _MBCS /Gm- /RTC1 /MDd /GS /fp:precise /Zc:wchar_t /Zc:forScope /Zc:inline /Fo"cmTC_812c9.dir\Debug\\" /Fd"cmTC_812c9.dir\Debug\vc141.pdb" /Gd /TC /FC /errorReport:queue "C:\Program Files (x86)\Microsoft Visual Studio\2017\Community\Common7\IDE\CommonExtensions\Microsoft\CMake\CMake\share\cmake-3.12\Modules\CheckFunctionExists.c"
  CheckFunctionExists.c
  
Link:
  C:\Program Files (x86)\Microsoft Visual Studio\2017\Community\VC\Tools\MSVC\14.16.27023\bin\HostX64\x64\link.exe /ERRORREPORT:QUEUE /OUT:"C:\Users\abdul\Desktop\ParticleSystem\build\CMakeFiles\CMakeTmp\Debug\cmTC_812c9.exe" /INCREMENTAL /NOLOGO kernel32.lib user32.lib gdi32.lib winspool.lib shell32.lib ole32.lib oleaut32.lib uuid.lib comdlg32.lib advapi32.lib /MANIFEST /MANIFESTUAC:"level='asInvoker' uiAccess='false'" /manifest:embed /DEBUG /PDB:"C:/Users/abdul/Desktop/ParticleSystem/build/CMakeFiles/CMakeTmp/Debug/cmTC_812c9.pdb" /SUBSYSTEM:CONSOLE /TLBID:1 /DYNAMICBASE /NXCOMPAT /IMPLIB:"C:/Users/abdul/Desktop/ParticleSystem/build/CMakeFiles/CMakeTmp/Debug/cmTC_812c9.lib" /MACHINE:X64  /machine:x64 cmTC_812c9.dir\Debug\CheckFunctionExists.obj
CheckFunctionExists.obj : error LNK2019: unresolved external symbol fseeko referenced in function main [c:\Users\abdul\Desktop\ParticleSystem\build\CMakeFiles\CMakeTmp\cmTC_812c9.vcxproj]
C:\Users\abdul\Desktop\ParticleSystem\build\CMakeFiles\CMakeTmp\Debug\cmTC_812c9.exe : fatal error LNK1120: 1 unresolved externals [c:\Users\abdul\Desktop\ParticleSystem\build\CMakeFiles\CMakeTmp\cmTC_812c9.vcxproj]
Done Building Project "c:\Users\abdul\Desktop\ParticleSystem\build\CMakeFiles\CMakeTmp\cmTC_812c9.vcxproj" (default targets) -- FAILED.

Build FAILED.

"c:\Users\abdul\Desktop\ParticleSystem\build\CMakeFiles\CMakeTmp\cmTC_812c9.vcxproj" (default target) (1) ->
(Link target) -> 
  CheckFunctionExists.obj : error LNK2019: unresolved external symbol fseeko referenced in function main [c:\Users\abdul\Desktop\ParticleSystem\build\CMakeFiles\CMakeTmp\cmTC_812c9.vcxproj]
  C:\Users\abdul\Desktop\ParticleSystem\build\CMakeFiles\CMakeTmp\Debug\cmTC_812c9.exe : fatal error LNK1120: 1 unresolved externals [c:\Users\abdul\Desktop\ParticleSystem\build\CMakeFiles\CMakeTmp\cmTC_812c9.vcxproj]

    0 Warning(s)
    2 Error(s)

Time Elapsed 00:00:00.41


Determining if the include file unistd.h exists failed with the following output:
Change Dir: c:/Users/abdul/Desktop/ParticleSystem/build/CMakeFiles/CMakeTmp

Run Build Command:"C:/Program Files (x86)/Microsoft Visual Studio/2017/Community/MSBuild/15.0/Bin/MSBuild.exe" "cmTC_21592.vcxproj" "/p:Configuration=Debug" "/p:VisualStudioVersion=15.0"
Microsoft (R) Build Engine version 15.9.21+g9802d43bc3 for .NET Framework
Copyright (C) Microsoft Corporation. All rights reserved.

Build started 9/1/2022 12:39:58 AM.
Project "c:\Users\abdul\Desktop\ParticleSystem\build\CMakeFiles\CMakeTmp\cmTC_21592.vcxproj" on node 1 (default targets).
PrepareForBuild:
  Creating directory "cmTC_21592.dir\Debug\".
  Creating directory "C:\Users\abdul\Desktop\ParticleSystem\build\CMakeFiles\CMakeTmp\Debug\".
  Creating directory "cmTC_21592.dir\Debug\cmTC_21592.tlog\".
InitializeBuildStatus:
  Creating "cmTC_21592.dir\Debug\cmTC_21592.tlog\unsuccessfulbuild" because "AlwaysCreate" was specified.
ClCompile:
  C:\Program Files (x86)\Microsoft Visual Studio\2017\Community\VC\Tools\MSVC\14.16.27023\bin\HostX64\x64\CL.exe /c /Zi /W3 /WX- /diagnostics:classic /Od /Ob0 /D WIN32 /D _WINDOWS /D "CMAKE_INTDIR=\"Debug\"" /D _MBCS /Gm- /RTC1 /MDd /GS /fp:precise /Zc:wchar_t /Zc:forScope /Zc:inline /Fo"cmTC_21592.dir\Debug\\" /Fd"cmTC_21592.dir\Debug\vc141.pdb" /Gd /TC /FC /errorReport:queue C:\Users\abdul\Desktop\ParticleSystem\build\CMakeFiles\CMakeTmp\CheckIncludeFile.c
  Microsoft (R) C/C++ Optimizing Compiler Version 19.16.27048 for x64
  Copyright (C) Microsoft Corporation.  All rights reserved.
  
  cl /c /Zi /W3 /WX- /diagnostics:classic /Od /Ob0 /D WIN32 /D _WINDOWS /D "CMAKE_INTDIR=\"Debug\"" /D _MBCS /Gm- /RTC1 /MDd /GS /fp:precise /Zc:wchar_t /Zc:forScope /Zc:inline /Fo"cmTC_21592.dir\Debug\\" /Fd"cmTC_21592.dir\Debug\vc141.pdb" /Gd /TC /FC /errorReport:queue C:\Users\abdul\Desktop\ParticleSystem\build\CMakeFiles\CMakeTmp\CheckIncludeFile.c
  CheckIncludeFile.c
  
c:\users\abdul\desktop\particlesystem\build\cmakefiles\cmaketmp\checkincludefile.c(1): fatal error C1083: Cannot open include file: 'unistd.h': No such file or directory [c:\Users\abdul\Desktop\ParticleSystem\build\CMakeFiles\CMakeTmp\cmTC_21592.vcxproj]
Done Building Project "c:\Users\abdul\Desktop\ParticleSystem\build\CMakeFiles\CMakeTmp\cmTC_21592.vcxproj" (default targets) -- FAILED.

Build FAILED.

"c:\Users\abdul\Desktop\ParticleSystem\build\CMakeFiles\CMakeTmp\cmTC_21592.vcxproj" (default target) (1) ->
(ClCompile target) -> 
  c:\users\abdul\desktop\particlesystem\build\cmakefiles\cmaketmp\checkincludefile.c(1): fatal error C1083: Cannot open include file: 'unistd.h': No such file or directory [c:\Users\abdul\Desktop\ParticleSystem\build\CMakeFiles\CMakeTmp\cmTC_21592.vcxproj]

    0 Warning(s)
    1 Error(s)

Time Elapsed 00:00:00.25


